Build started 19-09-10 1:04:34 AM.
     1>Project "C:\Projects\nulldc_psp_stable\stable\cdi_cvt\cdi_cvt\cdi_cvt.vcxproj" on node 2 (build target(s)).
     1>PrepareForBuild:
         Creating directory "C:\Projects\nulldc_psp_stable\stable\cdi_cvt\Release\".
       InitializeBuildStatus:
         Creating "Release\cdi_cvt.unsuccessfulbuild" because "AlwaysCreate" was specified.
       ClCompile:
         C:\Program Files (x86)\Microsoft Visual Studio 10.0\VC\bin\CL.exe /c /Zi /nologo /W3 /WX- /O2 /Oy- /GL /D WIN32 /D NDEBUG /D _CONSOLE /D _UNICODE /D UNICODE /Gm- /EHsc /MD /GS /fp:precise /Zc:wchar_t /Zc:forScope /Fo"Release\\" /Fd"Release\vc100.pdb" /Gd /TP /analyze- /errorReport:prompt cdi_cvt.cpp
         cdi_cvt.cpp
     1>cdi_cvt.cpp(51): warning C4996: 'wcscat': This function or variable may be unsafe. Consider using wcscat_s instead. To disable deprecation, use _CRT_SECURE_NO_WARNINGS. See online help for details.
                 C:\Program Files (x86)\Microsoft Visual Studio 10.0\VC\include\string.h(276) : see declaration of 'wcscat'
     1>cdi_cvt.cpp(52): warning C4996: '_wfopen': This function or variable may be unsafe. Consider using _wfopen_s instead. To disable deprecation, use _CRT_SECURE_NO_WARNINGS. See online help for details.
                 C:\Program Files (x86)\Microsoft Visual Studio 10.0\VC\include\wchar.h(815) : see declaration of '_wfopen'
     1>cdi_cvt.cpp(193): warning C4996: 'wcstombs': This function or variable may be unsafe. Consider using wcstombs_s instead. To disable deprecation, use _CRT_SECURE_NO_WARNINGS. See online help for details.
                 C:\Program Files (x86)\Microsoft Visual Studio 10.0\VC\include\stdlib.h(533) : see declaration of 'wcstombs'
       Link:
         C:\Program Files (x86)\Microsoft Visual Studio 10.0\VC\bin\link.exe /ERRORREPORT:PROMPT /OUT:"C:\Projects\nulldc_psp_stable\stable\cdi_cvt\Release\cdi_cvt.exe" /INCREMENTAL:NO /NOLOGO kernel32.lib user32.lib gdi32.lib winspool.lib comdlg32.lib advapi32.lib shell32.lib ole32.lib oleaut32.lib uuid.lib odbc32.lib odbccp32.lib /MANIFEST /ManifestFile:"Release\cdi_cvt.exe.intermediate.manifest" /MANIFESTUAC:"level='asInvoker' uiAccess='false'" /DEBUG /PDB:"C:\Projects\nulldc_psp_stable\stable\cdi_cvt\Release\cdi_cvt.pdb" /SUBSYSTEM:CONSOLE /OPT:REF /OPT:ICF /LTCG /TLBID:1 /DYNAMICBASE /NXCOMPAT /IMPLIB:"C:\Projects\nulldc_psp_stable\stable\cdi_cvt\Release\cdi_cvt.lib" /MACHINE:X86 Release\cdi_cvt.obj
         Generating code
         Finished generating code
         cdi_cvt.vcxproj -> C:\Projects\nulldc_psp_stable\stable\cdi_cvt\Release\cdi_cvt.exe
       Manifest:
         C:\Program Files (x86)\Microsoft SDKs\Windows\v7.0A\bin\mt.exe /nologo /verbose /outputresource:"C:\Projects\nulldc_psp_stable\stable\cdi_cvt\Release\cdi_cvt.exe;#1" /manifest Release\cdi_cvt.exe.intermediate.manifest
       FinalizeBuildStatus:
         Deleting file "Release\cdi_cvt.unsuccessfulbuild".
         Touching "Release\cdi_cvt.lastbuildstate".
     1>Done Building Project "C:\Projects\nulldc_psp_stable\stable\cdi_cvt\cdi_cvt\cdi_cvt.vcxproj" (build target(s)).

Build succeeded.

Time Elapsed 00:00:01.53
